<?xml version="1.0" encoding="UTF-8"?>
<!-- Generated by org.testng.reporters.JUnitXMLReporter -->
<testsuite hostname="PEARSONML-T3CKMD6" ignored="0" name="Banking App" tests="2" failures="1" timestamp="2022-01-26T17:24:11 PST" time="12.465" errors="0">
  <testcase name="loginTest" time="1.305" classname="com.inetbanking.testCases.TC_LoginTest_001"/>
  <testcase name="addNewCustomer" time="1.397" classname="com.inetbanking.testCases.TC_AddCustomerTest_003">
    <failure type="org.openqa.selenium.ElementClickInterceptedException" message="element click intercepted: Element &amp;lt;input type=&amp;quot;submit&amp;quot; name=&amp;quot;btnLogin&amp;quot; value=&amp;quot;LOGIN&amp;quot;&amp;gt; is not clickable at point (520, 430). Other element would receive the click: &amp;lt;div id=&amp;quot;ccpa-consent-manager-parent&amp;quot; style=&amp;quot;position: fixed; width: 100%; height: 100%; top: 0px; left: 0px; z-index: 2147483647; background: rgba(0, 0, 0, 0.5);&amp;quot;&amp;gt;...&amp;lt;/div&amp;gt;
  (Session info: chrome=94.0.4606.81)
Build info: version: &amp;apos;4.1.0&amp;apos;, revision: &amp;apos;87802e897b&amp;apos;
System info: host: &amp;apos;PEARSONML-T3CKMD6&amp;apos;, ip: &amp;apos;2601:644:8f80:1750:812e:6ced:5d76:1538%en0&amp;apos;, os.name: &amp;apos;Mac OS X&amp;apos;, os.arch: &amp;apos;x86_64&amp;apos;, os.version: &amp;apos;10.15.7&amp;apos;, java.version: &amp;apos;1.8.0_301&amp;apos;
Driver info: org.openqa.selenium.chrome.ChromeDriver
Command: [22a2a97200622eb8bcb93c961ed8b2b2, clickElement {id=c4ff18ba-2d88-4cb2-a239-499d416b71fb}]
Capabilities {acceptInsecureCerts: false, browserName: chrome, browserVersion: 94.0.4606.81, chrome: {chromedriverVersion: 94.0.4606.41 (333e85df3c9b6..., userDataDir: /var/folders/07/2wb5cjs94_v...}, goog:chromeOptions: {debuggerAddress: localhost:55194}, javascriptEnabled: true, networkConnectionEnabled: false, pageLoadStrategy: normal, platform: MAC, platformName: MAC, proxy: Proxy(), se:cdp: ws://localhost:55194/devtoo..., se:cdpVersion: 94.0.4606.81, setWindowRect: true, strictFileInteractability: false, timeouts: {implicit: 0, pageLoad: 300000, script: 30000}, unhandledPromptBehavior: dismiss and notify, webauthn:extension:credBlob: true, webauthn:extension:largeBlob: true, webauthn:virtualAuthenticators: true}
Element: [[ChromeDriver: chrome on MAC (22a2a97200622eb8bcb93c961ed8b2b2)] -&amp;gt; name: btnLogin]
Session ID: 22a2a97200622eb8bcb93c961ed8b2b2">
      <![CDATA[org.openqa.selenium.ElementClickInterceptedException: element click intercepted: Element <input type="submit" name="btnLogin" value="LOGIN"> is not clickable at point (520, 430). Other element would receive the click: <div id="ccpa-consent-manager-parent" style="position: fixed; width: 100%; height: 100%; top: 0px; left: 0px; z-index: 2147483647; background: rgba(0, 0, 0, 0.5);">...</div>
  (Session info: chrome=94.0.4606.81)
Build info: version: '4.1.0', revision: '87802e897b'
System info: host: 'PEARSONML-T3CKMD6', ip: '2601:644:8f80:1750:812e:6ced:5d76:1538%en0', os.name: 'Mac OS X', os.arch: 'x86_64', os.version: '10.15.7', java.version: '1.8.0_301'
Driver info: org.openqa.selenium.chrome.ChromeDriver
Command: [22a2a97200622eb8bcb93c961ed8b2b2, clickElement {id=c4ff18ba-2d88-4cb2-a239-499d416b71fb}]
Capabilities {acceptInsecureCerts: false, browserName: chrome, browserVersion: 94.0.4606.81, chrome: {chromedriverVersion: 94.0.4606.41 (333e85df3c9b6..., userDataDir: /var/folders/07/2wb5cjs94_v...}, goog:chromeOptions: {debuggerAddress: localhost:55194}, javascriptEnabled: true, networkConnectionEnabled: false, pageLoadStrategy: normal, platform: MAC, platformName: MAC, proxy: Proxy(), se:cdp: ws://localhost:55194/devtoo..., se:cdpVersion: 94.0.4606.81, setWindowRect: true, strictFileInteractability: false, timeouts: {implicit: 0, pageLoad: 300000, script: 30000}, unhandledPromptBehavior: dismiss and notify, webauthn:extension:credBlob: true, webauthn:extension:largeBlob: true, webauthn:virtualAuthenticators: true}
Element: [[ChromeDriver: chrome on MAC (22a2a97200622eb8bcb93c961ed8b2b2)] -> name: btnLogin]
Session ID: 22a2a97200622eb8bcb93c961ed8b2b2
at org.openqa.selenium.remote.codec.w3c.W3CHttpResponseCodec.createException(W3CHttpResponseCodec.java:200)
at org.openqa.selenium.remote.codec.w3c.W3CHttpResponseCodec.decode(W3CHttpResponseCodec.java:133)
at org.openqa.selenium.remote.codec.w3c.W3CHttpResponseCodec.decode(W3CHttpResponseCodec.java:53)
at org.openqa.selenium.remote.HttpCommandExecutor.execute(HttpCommandExecutor.java:184)
at org.openqa.selenium.remote.service.DriverCommandExecutor.invokeExecute(DriverCommandExecutor.java:164)
at org.openqa.selenium.remote.service.DriverCommandExecutor.execute(DriverCommandExecutor.java:139)
at org.openqa.selenium.remote.RemoteWebDriver.execute(RemoteWebDriver.java:559)
at org.openqa.selenium.remote.RemoteWebElement.execute(RemoteWebElement.java:251)
at org.openqa.selenium.remote.RemoteWebElement.click(RemoteWebElement.java:77)
at org.openqa.selenium.support.pagefactory.internal.LocatingElementHandler.invoke(LocatingElementHandler.java:52)
at com.sun.proxy.$Proxy13.click(Unknown Source)
at com.inetbanking.pageObjects.LoginPage.clickLogin(LoginPage.java:40)
at com.inetbanking.testCases.TC_AddCustomerTest_003.addNewCustomer(TC_AddCustomerTest_003.java:16)
at java.util.ArrayList.forEach(ArrayList.java:1259)
... Removed 38 stack frames]]>
    </failure>
  </testcase> <!-- addNewCustomer -->
</testsuite> <!-- Banking App -->
